0 info it worked if it ends with ok
1 verbose cli [ 'C:\\Program Files\\nodejs\\node.exe',
1 verbose cli   'C:\\Program Files\\nodejs\\node_modules\\npm\\bin\\npm-cli.js',
1 verbose cli   'install' ]
2 info using npm@3.8.5
3 info using node@v4.3.1
4 silly loadCurrentTree Starting
5 silly install loadCurrentTree
6 silly install readLocalPackageData
7 silly install normalizeTree
8 silly loadCurrentTree Finishing
9 silly loadIdealTree Starting
10 silly install loadIdealTree
11 silly cloneCurrentTree Starting
12 silly install cloneCurrentTreeToIdealTree
13 silly cloneCurrentTree Finishing
14 silly loadShrinkwrap Starting
15 silly install loadShrinkwrap
16 silly loadShrinkwrap Finishing
17 silly loadAllDepsIntoIdealTree Starting
18 silly install loadAllDepsIntoIdealTree
19 silly fetchNamedPackageData rambda
20 silly mapToRegistry name rambda
21 silly mapToRegistry using default registry
22 silly mapToRegistry registry http://registry.npmjs.org/
23 silly mapToRegistry data Result {
23 silly mapToRegistry   raw: 'rambda',
23 silly mapToRegistry   scope: null,
23 silly mapToRegistry   name: 'rambda',
23 silly mapToRegistry   rawSpec: '',
23 silly mapToRegistry   spec: 'latest',
23 silly mapToRegistry   type: 'tag' }
24 silly mapToRegistry uri http://registry.npmjs.org/rambda
25 verbose request uri http://registry.npmjs.org/rambda
26 verbose request no auth needed
27 info attempt registry request try #1 at 5:59:08 PM
28 verbose request id dba1a8c210d4974f
29 http request GET http://registry.npmjs.org/rambda
30 http 404 http://registry.npmjs.org/rambda
31 verbose headers { 'content-type': 'application/json',
31 verbose headers   'cache-control': 'max-age=0',
31 verbose headers   'content-length': '2',
31 verbose headers   'accept-ranges': 'bytes',
31 verbose headers   date: 'Sat, 17 Dec 2016 22:59:12 GMT',
31 verbose headers   via: '1.1 varnish',
31 verbose headers   age: '0',
31 verbose headers   connection: 'keep-alive',
31 verbose headers   'x-served-by': 'cache-jfk8138-JFK',
31 verbose headers   'x-cache': 'MISS',
31 verbose headers   'x-cache-hits': '0',
31 verbose headers   'x-timer': 'S1482015552.302695,VS0,VE52',
31 verbose headers   vary: 'Accept-Encoding' }
32 silly get cb [ 404,
32 silly get   { 'content-type': 'application/json',
32 silly get     'cache-control': 'max-age=0',
32 silly get     'content-length': '2',
32 silly get     'accept-ranges': 'bytes',
32 silly get     date: 'Sat, 17 Dec 2016 22:59:12 GMT',
32 silly get     via: '1.1 varnish',
32 silly get     age: '0',
32 silly get     connection: 'keep-alive',
32 silly get     'x-served-by': 'cache-jfk8138-JFK',
32 silly get     'x-cache': 'MISS',
32 silly get     'x-cache-hits': '0',
32 silly get     'x-timer': 'S1482015552.302695,VS0,VE52',
32 silly get     vary: 'Accept-Encoding' } ]
33 silly fetchPackageMetaData Error: Registry returned 404 for GET on http://registry.npmjs.org/rambda
33 silly fetchPackageMetaData     at makeError (C:\Users\Programming PC\AppData\Roaming\nvm\v4.3.1\node_modules\npm\node_modules\npm-registry-client\lib\request.js:264:12)
33 silly fetchPackageMetaData     at CachingRegistryClient.<anonymous> (C:\Users\Programming PC\AppData\Roaming\nvm\v4.3.1\node_modules\npm\node_modules\npm-registry-client\lib\request.js:242:14)
33 silly fetchPackageMetaData     at Request._callback (C:\Users\Programming PC\AppData\Roaming\nvm\v4.3.1\node_modules\npm\node_modules\npm-registry-client\lib\request.js:172:14)
33 silly fetchPackageMetaData     at Request.self.callback (C:\Users\Programming PC\AppData\Roaming\nvm\v4.3.1\node_modules\npm\node_modules\request\request.js:199:22)
33 silly fetchPackageMetaData     at emitTwo (events.js:87:13)
33 silly fetchPackageMetaData     at Request.emit (events.js:172:7)
33 silly fetchPackageMetaData     at Request.<anonymous> (C:\Users\Programming PC\AppData\Roaming\nvm\v4.3.1\node_modules\npm\node_modules\request\request.js:1036:10)
33 silly fetchPackageMetaData     at emitOne (events.js:82:20)
33 silly fetchPackageMetaData     at Request.emit (events.js:169:7)
33 silly fetchPackageMetaData     at IncomingMessage.<anonymous> (C:\Users\Programming PC\AppData\Roaming\nvm\v4.3.1\node_modules\npm\node_modules\request\request.js:963:12)
33 silly fetchPackageMetaData  error for rambda@latest { [Error: Registry returned 404 for GET on http://registry.npmjs.org/rambda] pkgid: 'rambda', statusCode: 404, code: 'E404' }
34 silly rollbackFailedOptional Starting
35 silly rollbackFailedOptional Finishing
36 silly runTopLevelLifecycles Starting
37 silly runTopLevelLifecycles Finishing
38 silly install printInstalled
39 verbose stack Error: Registry returned 404 for GET on http://registry.npmjs.org/rambda
39 verbose stack     at makeError (C:\Users\Programming PC\AppData\Roaming\nvm\v4.3.1\node_modules\npm\node_modules\npm-registry-client\lib\request.js:264:12)
39 verbose stack     at CachingRegistryClient.<anonymous> (C:\Users\Programming PC\AppData\Roaming\nvm\v4.3.1\node_modules\npm\node_modules\npm-registry-client\lib\request.js:242:14)
39 verbose stack     at Request._callback (C:\Users\Programming PC\AppData\Roaming\nvm\v4.3.1\node_modules\npm\node_modules\npm-registry-client\lib\request.js:172:14)
39 verbose stack     at Request.self.callback (C:\Users\Programming PC\AppData\Roaming\nvm\v4.3.1\node_modules\npm\node_modules\request\request.js:199:22)
39 verbose stack     at emitTwo (events.js:87:13)
39 verbose stack     at Request.emit (events.js:172:7)
39 verbose stack     at Request.<anonymous> (C:\Users\Programming PC\AppData\Roaming\nvm\v4.3.1\node_modules\npm\node_modules\request\request.js:1036:10)
39 verbose stack     at emitOne (events.js:82:20)
39 verbose stack     at Request.emit (events.js:169:7)
39 verbose stack     at IncomingMessage.<anonymous> (C:\Users\Programming PC\AppData\Roaming\nvm\v4.3.1\node_modules\npm\node_modules\request\request.js:963:12)
40 verbose statusCode 404
41 verbose pkgid rambda
42 verbose cwd C:\Users\Programming PC\Documents\GitHub\NodeJS-Lessons\function_programing
43 error Windows_NT 10.0.14393
44 error argv "C:\\Program Files\\nodejs\\node.exe" "C:\\Program Files\\nodejs\\node_modules\\npm\\bin\\npm-cli.js" "install"
45 error node v4.3.1
46 error npm  v3.8.5
47 error code E404
48 error 404 Registry returned 404 for GET on http://registry.npmjs.org/rambda
49 error 404
50 error 404 'rambda' is not in the npm registry.
51 error 404 You should bug the author to publish it (or use the name yourself!)
52 error 404 It was specified as a dependency of 'function_programing'
53 error 404 Note that you can also install from a
54 error 404 tarball, folder, http url, or git url.
55 verbose exit [ 1, true ]
